0 info it worked if it ends with ok
1 verbose cli [ '/Users/ananava/.nvm/versions/node/v4.2.6/bin/node',
1 verbose cli   '/Users/ananava/.nvm/versions/node/v4.2.6/bin/npm',
1 verbose cli   'run',
1 verbose cli   'test' ]
2 info using npm@3.8.7
3 info using node@v4.2.6
4 verbose run-script [ 'pretest', 'test', 'posttest' ]
5 info lifecycle electrode-electrify@1.0.0~pretest: electrode-electrify@1.0.0
6 silly lifecycle electrode-electrify@1.0.0~pretest: no script for pretest, continuing
7 info lifecycle electrode-electrify@1.0.0~test: electrode-electrify@1.0.0
8 verbose lifecycle electrode-electrify@1.0.0~test: unsafe-perm in lifecycle true
9 verbose lifecycle electrode-electrify@1.0.0~test: PATH: /Users/ananava/.nvm/versions/node/v4.2.6/lib/node_modules/npm/bin/node-gyp-bin:/Users/ananava/walmart-oss/electrify/node_modules/.bin:/Users/ananava/.nvm/versions/node/v4.2.6/bin:/Users/ananava/.nvm/versions/node/v4.2.6/bin:/usr/local/bin:/usr/bin:/bin:/usr/sbin:/sbin
10 verbose lifecycle electrode-electrify@1.0.0~test: CWD: /Users/ananava/walmart-oss/electrify
11 silly lifecycle electrode-electrify@1.0.0~test: Args: [ '-c', 'node test | tap-spec' ]
12 silly lifecycle electrode-electrify@1.0.0~test: Returned: code: 1  signal: null
13 info lifecycle electrode-electrify@1.0.0~test: Failed to exec test script
14 verbose stack Error: electrode-electrify@1.0.0 test: `node test | tap-spec`
14 verbose stack Exit status 1
14 verbose stack     at EventEmitter.<anonymous> (/Users/ananava/.nvm/versions/node/v4.2.6/lib/node_modules/npm/lib/utils/lifecycle.js:244:16)
14 verbose stack     at emitTwo (events.js:87:13)
14 verbose stack     at EventEmitter.emit (events.js:172:7)
14 verbose stack     at ChildProcess.<anonymous> (/Users/ananava/.nvm/versions/node/v4.2.6/lib/node_modules/npm/lib/utils/spawn.js:24:14)
14 verbose stack     at emitTwo (events.js:87:13)
14 verbose stack     at ChildProcess.emit (events.js:172:7)
14 verbose stack     at maybeClose (internal/child_process.js:821:16)
14 verbose stack     at Process.ChildProcess._handle.onexit (internal/child_process.js:211:5)
15 verbose pkgid electrode-electrify@1.0.0
16 verbose cwd /Users/ananava/walmart-oss/electrify
17 error Darwin 14.5.0
18 error argv "/Users/ananava/.nvm/versions/node/v4.2.6/bin/node" "/Users/ananava/.nvm/versions/node/v4.2.6/bin/npm" "run" "test"
19 error node v4.2.6
20 error npm  v3.8.7
21 error code ELIFECYCLE
22 error electrode-electrify@1.0.0 test: `node test | tap-spec`
22 error Exit status 1
23 error Failed at the electrode-electrify@1.0.0 test script 'node test | tap-spec'.
23 error Make sure you have the latest version of node.js and npm installed.
23 error If you do, this is most likely a problem with the electrode-electrify package,
23 error not with npm itself.
23 error Tell the author that this fails on your system:
23 error     node test | tap-spec
23 error You can get information on how to open an issue for this project with:
23 error     npm bugs electrode-electrify
23 error Or if that isn't available, you can get their info via:
23 error     npm owner ls electrode-electrify
23 error There is likely additional logging output above.
24 verbose exit [ 1, true ]
